Arguments: 
  C:\Program Files\nodejs\node.exe C:\Users\zhou.mu.sheng\AppData\Roaming\npm\node_modules\yarn\bin\yarn.js add enentProxy

PATH: 
  C:\ProgramData\Oracle\Java\javapath;C:\Program Files (x86)\Intel\iCLS Client\;C:\Program Files\Intel\iCLS Client\;C:\Windows\system32;C:\Windows;C:\Windows\System32\Wbem;C:\Windows\System32\WindowsPowerShell\v1.0\;C:\Program Files (x86)\Intel\Intel(R) Management Engine Components\DAL;C:\Program Files\Intel\Intel(R) Management Engine Components\DAL;C:\Program Files (x86)\Intel\Intel(R) Management Engine Components\IPT;C:\Program Files\Intel\Intel(R) Management Engine Components\IPT;C:\Program Files\TortoiseSVN\bin;C:\Program Files\OpenVPN\bin;C:\Program Files\nodejs\;C:\Users\zhou.mu.sheng\AppData\Local\Microsoft\WindowsApps;C:\Users\zhou.mu.sheng\AppData\Roaming\npm;C:\Users\zhou.mu.sheng\AppData\Local\atom\bin;D:\program\nginx-1.12.1;D:\program\MongoDB\bin;D:\program\Python\Python27;D:\program\Fiddler;D:\program\Vim\vim80;D:\program\Python\Python27\Scripts;D:\AppData\Local\Android\sdk\platform-tools;D:\AppData\Local\Android\sdk\tools;D:\AppData\Local\Android\sdk\build-tools\29.0.1;D:\program\Git\cmd

Yarn version: 
  1.15.2

Node version: 
  10.15.3

Platform: 
  win32 x64

Trace: 
  Error: http://registry.npmjs.org/enentProxy: Not found
      at Request.params.callback [as _callback] (C:\Users\zhou.mu.sheng\AppData\Roaming\npm\node_modules\yarn\lib\cli.js:66058:18)
      at Request.self.callback (C:\Users\zhou.mu.sheng\AppData\Roaming\npm\node_modules\yarn\lib\cli.js:129541:22)
      at Request.emit (events.js:189:13)
      at Request.<anonymous> (C:\Users\zhou.mu.sheng\AppData\Roaming\npm\node_modules\yarn\lib\cli.js:130513:10)
      at Request.emit (events.js:189:13)
      at IncomingMessage.<anonymous> (C:\Users\zhou.mu.sheng\AppData\Roaming\npm\node_modules\yarn\lib\cli.js:130435:12)
      at Object.onceWrapper (events.js:277:13)
      at IncomingMessage.emit (events.js:194:15)
      at endReadableNT (_stream_readable.js:1125:12)
      at process._tickCallback (internal/process/next_tick.js:63:19)

npm manifest: 
  {
  "name": "molimedia-tools",
  "version": "1.0.0",
  "description": "",
  "main": "index.js",
  "scripts": {
  "dev": "webpack --config webpack/dev.js",
  "local": "webpack --config webpack/local.js",
  "bundle": "webpack --config webpack/prod.js --progress --profile --colors"
  },
  "author": "samZhou",
  "license": "ISC",
  "devDependencies": {
  "babel-core": "^6.26.3",
  "babel-loader": "^7.1.5",
  "babel-plugin-transform-object-rest-spread": "^6.23.0",
  "babel-plugin-transform-runtime": "^6.23.0",
  "babel-preset-env": "^1.5.2",
  "babel-preset-es2015": "^6.24.1",
  "clean-webpack-plugin": "^0.1.19",
  "copy-webpack-plugin": "^4.5.2",
  "source-map-loader": "^0.2.1",
  "uglify-es-webpack-plugin": "^0.0.2",
  "uglifyjs-webpack-plugin": "^2.1.1",
  "webpack": "^4.16.5",
  "webpack-cli": "^3.1.0",
  "webpack-merge": "^4.2.1"
  },
  "dependencies": {
  "cheerio": "^1.0.0-rc.3"
  }
  }

yarn manifest: 
  No manifest

Lockfile: 
  No lockfile
